2017-11-02 00:43:03.3226 ERROR System.Exception: error test System.Exception: error test
2017-11-02 00:43:03.3766 INFO Info log test 
